-------------------------------------------------------------------------------
Test set: com.iiitb.tcp_backend.TcpBackendApplicationTests
-------------------------------------------------------------------------------
Tests run: 1, Failures: 0, Errors: 1, Skipped: 0, Time elapsed: 5.351 s <<< FAILURE! - in com.iiitb.tcp_backend.TcpBackendApplicationTests
contextLoads  Time elapsed: 0.014 s  <<< ERROR!
java.lang.IllegalStateException: Failed to load ApplicationContext
Caused by: org.springframework.beans.factory.UnsatisfiedDependencyException: Error creating bean with name 'adminController': Unsatisfied dependency expressed through field 'admin_login_service'; nested exception is org.springframework.beans.factory.UnsatisfiedDependencyException: Error creating bean with name 'adminLoginService': Unsatisfied dependency expressed through field 'repo'; nested exception is org.springframework.beans.factory.BeanCreationException: Error creating bean with name 'adminLoginRepository' defined in com.iiitb.tcp_backend.repository.AdminLoginRepository defined in @EnableJpaRepositories declared on JpaRepositoriesRegistrar.EnableJpaRepositoriesConfiguration: Invocation of init method failed; nested exception is org.springframework.data.repository.query.QueryCreationException: Could not create query for public abstract com.iiitb.tcp_backend.model.AdminLogin com.iiitb.tcp_backend.repository.AdminLoginRepository.findByAdminEmail(java.lang.String); Reason: Using named parameters for method public abstract com.iiitb.tcp_backend.model.AdminLogin com.iiitb.tcp_backend.repository.AdminLoginRepository.findByAdminEmail(java.lang.String) but parameter 'Optional[username]' not found in annotated query 'SELECT * FROM admin_login WHERE admin_email_id = :email_id'!; nested exception is java.lang.IllegalStateException: Using named parameters for method public abstract com.iiitb.tcp_backend.model.AdminLogin com.iiitb.tcp_backend.repository.AdminLoginRepository.findByAdminEmail(java.lang.String) but parameter 'Optional[username]' not found in annotated query 'SELECT * FROM admin_login WHERE admin_email_id = :email_id'!
Caused by: org.springframework.beans.factory.UnsatisfiedDependencyException: Error creating bean with name 'adminLoginService': Unsatisfied dependency expressed through field 'repo'; nested exception is org.springframework.beans.factory.BeanCreationException: Error creating bean with name 'adminLoginRepository' defined in com.iiitb.tcp_backend.repository.AdminLoginRepository defined in @EnableJpaRepositories declared on JpaRepositoriesRegistrar.EnableJpaRepositoriesConfiguration: Invocation of init method failed; nested exception is org.springframework.data.repository.query.QueryCreationException: Could not create query for public abstract com.iiitb.tcp_backend.model.AdminLogin com.iiitb.tcp_backend.repository.AdminLoginRepository.findByAdminEmail(java.lang.String); Reason: Using named parameters for method public abstract com.iiitb.tcp_backend.model.AdminLogin com.iiitb.tcp_backend.repository.AdminLoginRepository.findByAdminEmail(java.lang.String) but parameter 'Optional[username]' not found in annotated query 'SELECT * FROM admin_login WHERE admin_email_id = :email_id'!; nested exception is java.lang.IllegalStateException: Using named parameters for method public abstract com.iiitb.tcp_backend.model.AdminLogin com.iiitb.tcp_backend.repository.AdminLoginRepository.findByAdminEmail(java.lang.String) but parameter 'Optional[username]' not found in annotated query 'SELECT * FROM admin_login WHERE admin_email_id = :email_id'!
Caused by: org.springframework.beans.factory.BeanCreationException: Error creating bean with name 'adminLoginRepository' defined in com.iiitb.tcp_backend.repository.AdminLoginRepository defined in @EnableJpaRepositories declared on JpaRepositoriesRegistrar.EnableJpaRepositoriesConfiguration: Invocation of init method failed; nested exception is org.springframework.data.repository.query.QueryCreationException: Could not create query for public abstract com.iiitb.tcp_backend.model.AdminLogin com.iiitb.tcp_backend.repository.AdminLoginRepository.findByAdminEmail(java.lang.String); Reason: Using named parameters for method public abstract com.iiitb.tcp_backend.model.AdminLogin com.iiitb.tcp_backend.repository.AdminLoginRepository.findByAdminEmail(java.lang.String) but parameter 'Optional[username]' not found in annotated query 'SELECT * FROM admin_login WHERE admin_email_id = :email_id'!; nested exception is java.lang.IllegalStateException: Using named parameters for method public abstract com.iiitb.tcp_backend.model.AdminLogin com.iiitb.tcp_backend.repository.AdminLoginRepository.findByAdminEmail(java.lang.String) but parameter 'Optional[username]' not found in annotated query 'SELECT * FROM admin_login WHERE admin_email_id = :email_id'!
Caused by: org.springframework.data.repository.query.QueryCreationException: Could not create query for public abstract com.iiitb.tcp_backend.model.AdminLogin com.iiitb.tcp_backend.repository.AdminLoginRepository.findByAdminEmail(java.lang.String); Reason: Using named parameters for method public abstract com.iiitb.tcp_backend.model.AdminLogin com.iiitb.tcp_backend.repository.AdminLoginRepository.findByAdminEmail(java.lang.String) but parameter 'Optional[username]' not found in annotated query 'SELECT * FROM admin_login WHERE admin_email_id = :email_id'!; nested exception is java.lang.IllegalStateException: Using named parameters for method public abstract com.iiitb.tcp_backend.model.AdminLogin com.iiitb.tcp_backend.repository.AdminLoginRepository.findByAdminEmail(java.lang.String) but parameter 'Optional[username]' not found in annotated query 'SELECT * FROM admin_login WHERE admin_email_id = :email_id'!
Caused by: java.lang.IllegalStateException: Using named parameters for method public abstract com.iiitb.tcp_backend.model.AdminLogin com.iiitb.tcp_backend.repository.AdminLoginRepository.findByAdminEmail(java.lang.String) but parameter 'Optional[username]' not found in annotated query 'SELECT * FROM admin_login WHERE admin_email_id = :email_id'!

